Arguments: 
  /Users/upupming/.nvm/versions/node/v14.17.6/bin/node /Users/upupming/.nvm/versions/node/v14.17.6/bin/yarn add @babel/plugin-proposal-class-static-block --dev

PATH: 
  /Users/upupming/anaconda3/bin:/Users/upupming/.nvm/versions/node/v14.17.6/bin:/usr/local/bin:/usr/bin:/bin:/usr/sbin:/sbin:/Library/TeX/texbin:/Library/Apple/usr/bin:/Users/upupming/anaconda3/bin:/Users/upupming/anaconda3/condabin:/Users/upupming/.nvm/versions/node/v14.17.6/bin

Yarn version: 
  1.22.11

Node version: 
  14.17.6

Platform: 
  darwin x64

Trace: 
  Error: ENOENT: no such file or directory, copyfile '/Users/upupming/Library/Caches/Yarn/v6/npm-globals-13.11.0-40ef678da117fe7bd2e28f1fab24951bd0255be7-integrity/node_modules/globals/index.d.ts' -> '/Users/upupming/projects/frontend-learning-map/node_modules/@eslint/eslintrc/node_modules/globals/index.d.ts'

npm manifest: 
  {
    "name": "frontend-learning-map",
    "version": "1.0.0",
    "description": "upupming's front end learning map",
    "main": "index.js",
    "scripts": {
      "check": "npm run test && npm run lint",
      "lint": "eslint .",
      "dev": "jest --watch",
      "test": "jest",
      "coverage": "jest --coverage",
      "build": "tsc -p .",
      "clean": "tsc --build --clean"
    },
    "devDependencies": {
      "@babel/preset-env": "^7.14.5",
      "@babel/preset-typescript": "^7.14.5",
      "@semantic-release/changelog": "^5.0.1",
      "@semantic-release/commit-analyzer": "^8.0.1",
      "@semantic-release/git": "^9.0.0",
      "@semantic-release/github": "^7.2.3",
      "@semantic-release/npm": "^7.1.3",
      "@semantic-release/release-notes-generator": "^9.0.3",
      "@types/jest": "^26.0.23",
      "@typescript-eslint/eslint-plugin": "^4.26.1",
      "@typescript-eslint/parser": "^4.26.1",
      "eslint": "^7.28.0",
      "eslint-config-standard-with-typescript": "^20.0.0",
      "eslint-plugin-import": "^2.23.4",
      "eslint-plugin-jest": "^23.8.0",
      "eslint-plugin-node": "^11.1.0",
      "eslint-plugin-promise": "^4.3.1",
      "jest": "^26.0.0",
      "ts-jest": "^26.5.6",
      "typescript": "^4.4.2"
    },
    "repository": {
      "type": "git",
      "url": "git+https://github.com/upupming/frontend-learning-map.git"
    },
    "keywords": [],
    "author": "",
    "license": "ISC",
    "bugs": {
      "url": "https://github.com/upupming/frontend-learning-map/issues"
    },
    "homepage": "https://github.com/upupming/frontend-learning-map#readme"
  }

yarn manifest: 
  No manifest

Lockfile: 
  No lockfile
